<?xml version="1.0" encoding="UTF-8"?>
<!-- Generated by org.testng.reporters.JUnitXMLReporter -->
<testsuite hostname="ARIKODYFAMILY" ignored="0" name="Test" tests="4" failures="0" timestamp="2020-04-12T19:38:36 IST" time="0.231" errors="0">
  <testcase name="BrowserAutomation" time="0.021" classname="qaclickacademy.SeleniumTest"/>
  <testcase name="elementsUi" time="0.004" classname="qaclickacademy.SeleniumTest"/>
  <testcase name="deletetwitter" time="0.002" classname="qaclickacademy.RestAPITest"/>
  <testcase name="posjira" time="0.001" classname="qaclickacademy.RestAPITest"/>
</testsuite> <!-- Test -->
